Performing C SOURCE FILE Test CMAKE_HAVE_LIBC_PTHREAD failed with the following output:
Change Dir: /home/kau/kau_ws/src/tracer_ros2/tracer_base/build/CMakeFiles/CMakeTmp

Run Build Command(s):/usr/bin/make cmTC_34bbd/fast && /usr/bin/make -f CMakeFiles/cmTC_34bbd.dir/build.make CMakeFiles/cmTC_34bbd.dir/build
make[1]: Entering directory '/home/kau/kau_ws/src/tracer_ros2/tracer_base/build/CMakeFiles/CMakeTmp'
Building C object CMakeFiles/cmTC_34bbd.dir/src.c.o
/usr/bin/cc   -DCMAKE_HAVE_LIBC_PTHREAD   -o CMakeFiles/cmTC_34bbd.dir/src.c.o   -c /home/kau/kau_ws/src/tracer_ros2/tracer_base/build/CMakeFiles/CMakeTmp/src.c
Linking C executable cmTC_34bbd
/usr/bin/cmake -E cmake_link_script CMakeFiles/cmTC_34bbd.dir/link.txt --verbose=1
/usr/bin/cc  -DCMAKE_HAVE_LIBC_PTHREAD    CMakeFiles/cmTC_34bbd.dir/src.c.o  -o cmTC_34bbd 
/usr/bin/ld: CMakeFiles/cmTC_34bbd.dir/src.c.o: in function `main':
src.c:(.text+0x48): undefined reference to `pthread_create'
/usr/bin/ld: src.c:(.text+0x50): undefined reference to `pthread_detach'
/usr/bin/ld: src.c:(.text+0x5c): undefined reference to `pthread_join'
collect2: error: ld returned 1 exit status
make[1]: *** [CMakeFiles/cmTC_34bbd.dir/build.make:87: cmTC_34bbd] Error 1
make[1]: Leaving directory '/home/kau/kau_ws/src/tracer_ros2/tracer_base/build/CMakeFiles/CMakeTmp'
make: *** [Makefile:121: cmTC_34bbd/fast] Error 2


Source file was:
#include <pthread.h>

void* test_func(void* data)
{
  return data;
}

int main(void)
{
  pthread_t thread;
  pthread_create(&thread, NULL, test_func, NULL);
  pthread_detach(thread);
  pthread_join(thread, NULL);
  pthread_atfork(NULL, NULL, NULL);
  pthread_exit(NULL);

  return 0;
}

Determining if the function pthread_create exists in the pthreads failed with the following output:
Change Dir: /home/kau/kau_ws/src/tracer_ros2/tracer_base/build/CMakeFiles/CMakeTmp

Run Build Command(s):/usr/bin/make cmTC_96a30/fast && /usr/bin/make -f CMakeFiles/cmTC_96a30.dir/build.make CMakeFiles/cmTC_96a30.dir/build
make[1]: Entering directory '/home/kau/kau_ws/src/tracer_ros2/tracer_base/build/CMakeFiles/CMakeTmp'
Building C object CMakeFiles/cmTC_96a30.dir/CheckFunctionExists.c.o
/usr/bin/cc   -DCHECK_FUNCTION_EXISTS=pthread_create   -o CMakeFiles/cmTC_96a30.dir/CheckFunctionExists.c.o   -c /usr/share/cmake-3.16/Modules/CheckFunctionExists.c
Linking C executable cmTC_96a30
/usr/bin/cmake -E cmake_link_script CMakeFiles/cmTC_96a30.dir/link.txt --verbose=1
/usr/bin/cc  -DCHECK_FUNCTION_EXISTS=pthread_create    CMakeFiles/cmTC_96a30.dir/CheckFunctionExists.c.o  -o cmTC_96a30  -lpthreads 
/usr/bin/ld: cannot find -lpthreads
collect2: error: ld returned 1 exit status
make[1]: *** [CMakeFiles/cmTC_96a30.dir/build.make:87: cmTC_96a30] Error 1
make[1]: Leaving directory '/home/kau/kau_ws/src/tracer_ros2/tracer_base/build/CMakeFiles/CMakeTmp'
make: *** [Makefile:121: cmTC_96a30/fast] Error 2



Performing C SOURCE FILE Test CMAKE_HAVE_LIBC_PTHREAD failed with the following output:
Change Dir: /home/kau/kau_ws/src/tracer_ros2/tracer_base/build/CMakeFiles/CMakeTmp

Run Build Command(s):/usr/bin/make -f Makefile cmTC_2b758/fast && /usr/bin/make  -f CMakeFiles/cmTC_2b758.dir/build.make CMakeFiles/cmTC_2b758.dir/build
make[1]: Entering directory '/home/kau/kau_ws/src/tracer_ros2/tracer_base/build/CMakeFiles/CMakeTmp'
Building C object CMakeFiles/cmTC_2b758.dir/src.c.o
/usr/bin/cc -DCMAKE_HAVE_LIBC_PTHREAD   -o CMakeFiles/cmTC_2b758.dir/src.c.o -c /home/kau/kau_ws/src/tracer_ros2/tracer_base/build/CMakeFiles/CMakeTmp/src.c
Linking C executable cmTC_2b758
/home/kau/cmake-install/bin/cmake -E cmake_link_script CMakeFiles/cmTC_2b758.dir/link.txt --verbose=1
/usr/bin/cc CMakeFiles/cmTC_2b758.dir/src.c.o -o cmTC_2b758 
/usr/bin/ld: CMakeFiles/cmTC_2b758.dir/src.c.o: in function `main':
src.c:(.text+0x48): undefined reference to `pthread_create'
/usr/bin/ld: src.c:(.text+0x50): undefined reference to `pthread_detach'
/usr/bin/ld: src.c:(.text+0x58): undefined reference to `pthread_cancel'
/usr/bin/ld: src.c:(.text+0x64): undefined reference to `pthread_join'
collect2: error: ld returned 1 exit status
make[1]: *** [CMakeFiles/cmTC_2b758.dir/build.make:99: cmTC_2b758] Error 1
make[1]: Leaving directory '/home/kau/kau_ws/src/tracer_ros2/tracer_base/build/CMakeFiles/CMakeTmp'
make: *** [Makefile:127: cmTC_2b758/fast] Error 2


Source file was:
#include <pthread.h>

static void* test_func(void* data)
{
  return data;
}

int main(void)
{
  pthread_t thread;
  pthread_create(&thread, NULL, test_func, NULL);
  pthread_detach(thread);
  pthread_cancel(thread);
  pthread_join(thread, NULL);
  pthread_atfork(NULL, NULL, NULL);
  pthread_exit(NULL);

  return 0;
}

Determining if the function pthread_create exists in the pthreads failed with the following output:
Change Dir: /home/kau/kau_ws/src/tracer_ros2/tracer_base/build/CMakeFiles/CMakeTmp

Run Build Command(s):/usr/bin/make -f Makefile cmTC_86075/fast && /usr/bin/make  -f CMakeFiles/cmTC_86075.dir/build.make CMakeFiles/cmTC_86075.dir/build
make[1]: Entering directory '/home/kau/kau_ws/src/tracer_ros2/tracer_base/build/CMakeFiles/CMakeTmp'
Building C object CMakeFiles/cmTC_86075.dir/CheckFunctionExists.c.o
/usr/bin/cc   -DCHECK_FUNCTION_EXISTS=pthread_create -o CMakeFiles/cmTC_86075.dir/CheckFunctionExists.c.o -c /home/kau/cmake-install/share/cmake-3.22/Modules/CheckFunctionExists.c
Linking C executable cmTC_86075
/home/kau/cmake-install/bin/cmake -E cmake_link_script CMakeFiles/cmTC_86075.dir/link.txt --verbose=1
/usr/bin/cc  -DCHECK_FUNCTION_EXISTS=pthread_create CMakeFiles/cmTC_86075.dir/CheckFunctionExists.c.o -o cmTC_86075  -lpthreads 
/usr/bin/ld: cannot find -lpthreads
collect2: error: ld returned 1 exit status
make[1]: *** [CMakeFiles/cmTC_86075.dir/build.make:99: cmTC_86075] Error 1
make[1]: Leaving directory '/home/kau/kau_ws/src/tracer_ros2/tracer_base/build/CMakeFiles/CMakeTmp'
make: *** [Makefile:127: cmTC_86075/fast] Error 2



